C:\Program Files (x86)\Microsoft Visual Studio\2017\Community\Common7\IDE\VC\VCTargets\Microsoft.CppBuild.targets(387,5): warning MSB8028: The intermediate directory (Debug\) contains files shared from another project (d3d11Textures.vcxproj, ProceduralProject.vcxproj).  This can lead to incorrect clean and rebuild behavior.
  main.cpp
d:\program files (x86)\microsoft directx sdk (june 2010)\include\dxgitype.h(12): warning C4005: 'DXGI_STATUS_OCCLUDED': macro redefinition
  c:\program files (x86)\windows kits\10\include\10.0.17763.0\shared\winerror.h(55460): note: see previous definition of 'DXGI_STATUS_OCCLUDED'
d:\program files (x86)\microsoft directx sdk (june 2010)\include\dxgitype.h(13): warning C4005: 'DXGI_STATUS_CLIPPED': macro redefinition
  c:\program files (x86)\windows kits\10\include\10.0.17763.0\shared\winerror.h(55469): note: see previous definition of 'DXGI_STATUS_CLIPPED'
d:\program files (x86)\microsoft directx sdk (june 2010)\include\dxgitype.h(14): warning C4005: 'DXGI_STATUS_NO_REDIRECTION': macro redefinition
  c:\program files (x86)\windows kits\10\include\10.0.17763.0\shared\winerror.h(55478): note: see previous definition of 'DXGI_STATUS_NO_REDIRECTION'
d:\program files (x86)\microsoft directx sdk (june 2010)\include\dxgitype.h(15): warning C4005: 'DXGI_STATUS_NO_DESKTOP_ACCESS': macro redefinition
  c:\program files (x86)\windows kits\10\include\10.0.17763.0\shared\winerror.h(55487): note: see previous definition of 'DXGI_STATUS_NO_DESKTOP_ACCESS'
d:\program files (x86)\microsoft directx sdk (june 2010)\include\dxgitype.h(16): warning C4005: 'DXGI_STATUS_GRAPHICS_VIDPN_SOURCE_IN_USE': macro redefinition
  c:\program files (x86)\windows kits\10\include\10.0.17763.0\shared\winerror.h(55496): note: see previous definition of 'DXGI_STATUS_GRAPHICS_VIDPN_SOURCE_IN_USE'
d:\program files (x86)\microsoft directx sdk (june 2010)\include\dxgitype.h(17): warning C4005: 'DXGI_STATUS_MODE_CHANGED': macro redefinition
  c:\program files (x86)\windows kits\10\include\10.0.17763.0\shared\winerror.h(55505): note: see previous definition of 'DXGI_STATUS_MODE_CHANGED'
d:\program files (x86)\microsoft directx sdk (june 2010)\include\dxgitype.h(18): warning C4005: 'DXGI_STATUS_MODE_CHANGE_IN_PROGRESS': macro redefinition
  c:\program files (x86)\windows kits\10\include\10.0.17763.0\shared\winerror.h(55514): note: see previous definition of 'DXGI_STATUS_MODE_CHANGE_IN_PROGRESS'
d:\program files (x86)\microsoft directx sdk (june 2010)\include\dxgitype.h(21): warning C4005: 'DXGI_ERROR_INVALID_CALL': macro redefinition
  c:\program files (x86)\windows kits\10\include\10.0.17763.0\shared\winerror.h(55529): note: see previous definition of 'DXGI_ERROR_INVALID_CALL'
d:\program files (x86)\microsoft directx sdk (june 2010)\include\dxgitype.h(22): warning C4005: 'DXGI_ERROR_NOT_FOUND': macro redefinition
  c:\program files (x86)\windows kits\10\include\10.0.17763.0\shared\winerror.h(55538): note: see previous definition of 'DXGI_ERROR_NOT_FOUND'
d:\program files (x86)\microsoft directx sdk (june 2010)\include\dxgitype.h(23): warning C4005: 'DXGI_ERROR_MORE_DATA': macro redefinition
  c:\program files (x86)\windows kits\10\include\10.0.17763.0\shared\winerror.h(55547): note: see previous definition of 'DXGI_ERROR_MORE_DATA'
d:\program files (x86)\microsoft directx sdk (june 2010)\include\dxgitype.h(24): warning C4005: 'DXGI_ERROR_UNSUPPORTED': macro redefinition
  c:\program files (x86)\windows kits\10\include\10.0.17763.0\shared\winerror.h(55556): note: see previous definition of 'DXGI_ERROR_UNSUPPORTED'
d:\program files (x86)\microsoft directx sdk (june 2010)\include\dxgitype.h(25): warning C4005: 'DXGI_ERROR_DEVICE_REMOVED': macro redefinition
  c:\program files (x86)\windows kits\10\include\10.0.17763.0\shared\winerror.h(55565): note: see previous definition of 'DXGI_ERROR_DEVICE_REMOVED'
d:\program files (x86)\microsoft directx sdk (june 2010)\include\dxgitype.h(26): warning C4005: 'DXGI_ERROR_DEVICE_HUNG': macro redefinition
  c:\program files (x86)\windows kits\10\include\10.0.17763.0\shared\winerror.h(55574): note: see previous definition of 'DXGI_ERROR_DEVICE_HUNG'
d:\program files (x86)\microsoft directx sdk (june 2010)\include\dxgitype.h(27): warning C4005: 'DXGI_ERROR_DEVICE_RESET': macro redefinition
  c:\program files (x86)\windows kits\10\include\10.0.17763.0\shared\winerror.h(55584): note: see previous definition of 'DXGI_ERROR_DEVICE_RESET'
d:\program files (x86)\microsoft directx sdk (june 2010)\include\dxgitype.h(28): warning C4005: 'DXGI_ERROR_WAS_STILL_DRAWING': macro redefinition
  c:\program files (x86)\windows kits\10\include\10.0.17763.0\shared\winerror.h(55593): note: see previous definition of 'DXGI_ERROR_WAS_STILL_DRAWING'
d:\program files (x86)\microsoft directx sdk (june 2010)\include\dxgitype.h(29): warning C4005: 'DXGI_ERROR_FRAME_STATISTICS_DISJOINT': macro redefinition
  c:\program files (x86)\windows kits\10\include\10.0.17763.0\shared\winerror.h(55603): note: see previous definition of 'DXGI_ERROR_FRAME_STATISTICS_DISJOINT'
d:\program files (x86)\microsoft directx sdk (june 2010)\include\dxgitype.h(30): warning C4005: 'DXGI_ERROR_GRAPHICS_VIDPN_SOURCE_IN_USE': macro redefinition
  c:\program files (x86)\windows kits\10\include\10.0.17763.0\shared\winerror.h(55612): note: see previous definition of 'DXGI_ERROR_GRAPHICS_VIDPN_SOURCE_IN_USE'
d:\program files (x86)\microsoft directx sdk (june 2010)\include\dxgitype.h(31): warning C4005: 'DXGI_ERROR_DRIVER_INTERNAL_ERROR': macro redefinition
  c:\program files (x86)\windows kits\10\include\10.0.17763.0\shared\winerror.h(55622): note: see previous definition of 'DXGI_ERROR_DRIVER_INTERNAL_ERROR'
d:\program files (x86)\microsoft directx sdk (june 2010)\include\dxgitype.h(32): warning C4005: 'DXGI_ERROR_NONEXCLUSIVE': macro redefinition
  c:\program files (x86)\windows kits\10\include\10.0.17763.0\shared\winerror.h(55631): note: see previous definition of 'DXGI_ERROR_NONEXCLUSIVE'
d:\program files (x86)\microsoft directx sdk (june 2010)\include\dxgitype.h(33): warning C4005: 'DXGI_ERROR_NOT_CURRENTLY_AVAILABLE': macro redefinition
  c:\program files (x86)\windows kits\10\include\10.0.17763.0\shared\winerror.h(55640): note: see previous definition of 'DXGI_ERROR_NOT_CURRENTLY_AVAILABLE'
d:\program files (x86)\microsoft directx sdk (june 2010)\include\dxgitype.h(34): warning C4005: 'DXGI_ERROR_REMOTE_CLIENT_DISCONNECTED': macro redefinition
  c:\program files (x86)\windows kits\10\include\10.0.17763.0\shared\winerror.h(55650): note: see previous definition of 'DXGI_ERROR_REMOTE_CLIENT_DISCONNECTED'
d:\program files (x86)\microsoft directx sdk (june 2010)\include\dxgitype.h(35): warning C4005: 'DXGI_ERROR_REMOTE_OUTOFMEMORY': macro redefinition
  c:\program files (x86)\windows kits\10\include\10.0.17763.0\shared\winerror.h(55659): note: see previous definition of 'DXGI_ERROR_REMOTE_OUTOFMEMORY'
d:\program files (x86)\microsoft directx sdk (june 2010)\include\d3d11.h(917): warning C4005: 'D3D11_ERROR_TOO_MANY_UNIQUE_STATE_OBJECTS': macro redefinition
  c:\program files (x86)\windows kits\10\include\10.0.17763.0\shared\winerror.h(55923): note: see previous definition of 'D3D11_ERROR_TOO_MANY_UNIQUE_STATE_OBJECTS'
d:\program files (x86)\microsoft directx sdk (june 2010)\include\d3d11.h(918): warning C4005: 'D3D11_ERROR_FILE_NOT_FOUND': macro redefinition
  c:\program files (x86)\windows kits\10\include\10.0.17763.0\shared\winerror.h(55932): note: see previous definition of 'D3D11_ERROR_FILE_NOT_FOUND'
d:\program files (x86)\microsoft directx sdk (june 2010)\include\d3d11.h(919): warning C4005: 'D3D11_ERROR_TOO_MANY_UNIQUE_VIEW_OBJECTS': macro redefinition
  c:\program files (x86)\windows kits\10\include\10.0.17763.0\shared\winerror.h(55942): note: see previous definition of 'D3D11_ERROR_TOO_MANY_UNIQUE_VIEW_OBJECTS'
d:\program files (x86)\microsoft directx sdk (june 2010)\include\d3d11.h(920): warning C4005: 'D3D11_ERROR_DEFERRED_CONTEXT_MAP_WITHOUT_INITIAL_DISCARD': macro redefinition
  c:\program files (x86)\windows kits\10\include\10.0.17763.0\shared\winerror.h(55951): note: see previous definition of 'D3D11_ERROR_DEFERRED_CONTEXT_MAP_WITHOUT_INITIAL_DISCARD'
d:\program files (x86)\microsoft directx sdk (june 2010)\include\d3d10.h(608): warning C4005: 'D3D10_ERROR_TOO_MANY_UNIQUE_STATE_OBJECTS': macro redefinition
  c:\program files (x86)\windows kits\10\include\10.0.17763.0\shared\winerror.h(55899): note: see previous definition of 'D3D10_ERROR_TOO_MANY_UNIQUE_STATE_OBJECTS'
d:\program files (x86)\microsoft directx sdk (june 2010)\include\d3d10.h(609): warning C4005: 'D3D10_ERROR_FILE_NOT_FOUND': macro redefinition
  c:\program files (x86)\windows kits\10\include\10.0.17763.0\shared\winerror.h(55908): note: see previous definition of 'D3D10_ERROR_FILE_NOT_FOUND'
d:\program files (x86)\microsoft directx sdk (june 2010)\include\xnamath.h(2662): warning C4838: conversion from 'unsigned int' to 'INT' requires a narrowing conversion
d:\program files (x86)\microsoft directx sdk (june 2010)\include\xnamath.h(2663): warning C4838: conversion from 'unsigned int' to 'INT' requires a narrowing conversion
d:\program files (x86)\microsoft directx sdk (june 2010)\include\xnamath.h(2664): warning C4838: conversion from 'unsigned int' to 'INT' requires a narrowing conversion
d:\program files (x86)\microsoft directx sdk (june 2010)\include\xnamath.h(2665): warning C4838: conversion from 'unsigned int' to 'INT' requires a narrowing conversion
d:\program files (x86)\microsoft directx sdk (june 2010)\include\xnamath.h(2666): warning C4838: conversion from 'unsigned int' to 'INT' requires a narrowing conversion
d:\program files (x86)\microsoft directx sdk (june 2010)\include\xnamath.h(2667): warning C4838: conversion from 'unsigned int' to 'INT' requires a narrowing conversion
d:\program files (x86)\microsoft directx sdk (june 2010)\include\xnamath.h(2668): warning C4838: conversion from 'unsigned int' to 'INT' requires a narrowing conversion
d:\program files (x86)\microsoft directx sdk (june 2010)\include\xnamath.h(2689): warning C4838: conversion from 'unsigned int' to 'INT' requires a narrowing conversion
d:\program files (x86)\microsoft directx sdk (june 2010)\include\xnamath.h(2690): warning C4838: conversion from 'unsigned int' to 'INT' requires a narrowing conversion
d:\program files (x86)\microsoft directx sdk (june 2010)\include\xnamath.h(2691): warning C4838: conversion from 'unsigned int' to 'INT' requires a narrowing conversion
d:\program files (x86)\microsoft directx sdk (june 2010)\include\xnamath.h(2694): warning C4838: conversion from 'unsigned int' to 'INT' requires a narrowing conversion
d:\program files (x86)\microsoft directx sdk (june 2010)\include\xnamath.h(2695): warning C4838: conversion from 'unsigned int' to 'INT' requires a narrowing conversion
d:\program files (x86)\microsoft directx sdk (june 2010)\include\xnamath.h(2698): warning C4838: conversion from 'unsigned int' to 'INT' requires a narrowing conversion
d:\program files (x86)\microsoft directx sdk (june 2010)\include\xnamath.h(2702): warning C4838: conversion from 'unsigned int' to 'INT' requires a narrowing conversion
d:\program files (x86)\microsoft directx sdk (june 2010)\include\xnamath.h(2712): warning C4838: conversion from 'unsigned int' to 'INT' requires a narrowing conversion
d:\program files (x86)\microsoft directx sdk (june 2010)\include\xnamath.h(2713): warning C4838: conversion from 'unsigned int' to 'INT' requires a narrowing conversion
d:\program files (x86)\microsoft directx sdk (june 2010)\include\xnamath.h(2715): warning C4838: conversion from 'unsigned int' to 'INT' requires a narrowing conversion
d:\program files (x86)\microsoft directx sdk (june 2010)\include\xnamath.h(2716): warning C4838: conversion from 'unsigned int' to 'INT' requires a narrowing conversion
d:\program files (x86)\microsoft directx sdk (june 2010)\include\xnamath.h(2717): warning C4838: conversion from 'unsigned int' to 'INT' requires a narrowing conversion
d:\program files (x86)\microsoft directx sdk (june 2010)\include\xnamath.h(2727): warning C4838: conversion from 'unsigned int' to 'INT' requires a narrowing conversion
d:\program files (x86)\microsoft directx sdk (june 2010)\include\xnamath.h(2728): warning C4838: conversion from 'unsigned int' to 'INT' requires a narrowing conversion
d:\program files (x86)\microsoft directx sdk (june 2010)\include\xnamath.h(2729): warning C4838: conversion from 'unsigned int' to 'INT' requires a narrowing conversion
d:\program files (x86)\microsoft directx sdk (june 2010)\include\xnamath.h(2730): warning C4838: conversion from 'unsigned int' to 'INT' requires a narrowing conversion
d:\program files (x86)\microsoft directx sdk (june 2010)\include\xnamath.h(2731): warning C4838: conversion from 'unsigned int' to 'INT' requires a narrowing conversion
d:\program files (x86)\microsoft directx sdk (june 2010)\include\xnamath.h(2732): warning C4838: conversion from 'unsigned int' to 'INT' requires a narrowing conversion
d:\program files (x86)\microsoft directx sdk (june 2010)\include\xnamath.h(2742): warning C4838: conversion from 'unsigned int' to 'INT' requires a narrowing conversion
d:\program files (x86)\microsoft directx sdk (june 2010)\include\xnamath.h(2743): warning C4838: conversion from 'unsigned int' to 'INT' requires a narrowing conversion
d:\program files (x86)\microsoft directx sdk (june 2010)\include\xnamath.h(2754): warning C4838: conversion from 'unsigned int' to 'INT' requires a narrowing conversion
d:\program files (x86)\microsoft directx sdk (june 2010)\include\xnamathconvert.inl(2254): warning C4838: conversion from 'unsigned int' to 'INT' requires a narrowing conversion
d:\program files (x86)\microsoft directx sdk (june 2010)\include\xnamathconvert.inl(4523): warning C4838: conversion from 'unsigned int' to 'INT' requires a narrowing conversion
d:\program files (x86)\microsoft directx sdk (june 2010)\include\xnamathconvert.inl(4577): warning C4838: conversion from 'unsigned int' to 'INT' requires a narrowing conversion
d:\program files (x86)\microsoft directx sdk (june 2010)\include\xnamathconvert.inl(4639): warning C4838: conversion from 'unsigned int' to 'INT' requires a narrowing conversion
d:\program files (x86)\microsoft directx sdk (june 2010)\include\xnamathconvert.inl(4707): warning C4838: conversion from 'unsigned int' to 'INT' requires a narrowing conversion
d:\program files (x86)\microsoft directx sdk (june 2010)\include\xnamathconvert.inl(4770): warning C4838: conversion from 'unsigned int' to 'INT' requires a narrowing conversion
d:\program files (x86)\microsoft directx sdk (june 2010)\include\xnamathconvert.inl(4832): warning C4838: conversion from 'unsigned int' to 'INT' requires a narrowing conversion
d:\program files (x86)\microsoft directx sdk (june 2010)\include\xnamathvector.inl(1269): warning C4838: conversion from 'unsigned int' to 'INT' requires a narrowing conversion
d:\program files (x86)\microsoft directx sdk (june 2010)\include\xnamathmisc.inl(518): warning C4838: conversion from 'unsigned int' to 'INT' requires a narrowing conversion
d:\program files (x86)\microsoft directx sdk (june 2010)\include\xnamathmisc.inl(519): warning C4838: conversion from 'unsigned int' to 'INT' requires a narrowing conversion
  d:\program files (x86)\microsoft directx sdk (june 2010)\include\dinput.h: DIRECTINPUT_VERSION undefined. Defaulting to version 0x0800
d:\assignments uni year 3\cancer back\proceduralproject\proceduralproject\main.cpp(441): warning C4305: 'argument': truncation from 'double' to 'float'
d:\assignments uni year 3\cancer back\proceduralproject\proceduralproject\main.cpp(442): warning C4305: 'argument': truncation from 'double' to 'float'
d:\assignments uni year 3\cancer back\proceduralproject\proceduralproject\main.cpp(443): warning C4305: 'argument': truncation from 'double' to 'float'
d:\assignments uni year 3\cancer back\proceduralproject\proceduralproject\main.cpp(444): warning C4305: 'argument': truncation from 'double' to 'float'
d:\assignments uni year 3\cancer back\proceduralproject\proceduralproject\main.cpp(445): warning C4305: 'argument': truncation from 'double' to 'float'
d:\assignments uni year 3\cancer back\proceduralproject\proceduralproject\main.cpp(446): warning C4305: 'argument': truncation from 'double' to 'float'
d:\assignments uni year 3\cancer back\proceduralproject\proceduralproject\main.cpp(447): warning C4305: 'argument': truncation from 'double' to 'float'
d:\assignments uni year 3\cancer back\proceduralproject\proceduralproject\main.cpp(448): warning C4305: 'argument': truncation from 'double' to 'float'
d:\assignments uni year 3\cancer back\proceduralproject\proceduralproject\main.cpp(449): warning C4305: 'argument': truncation from 'double' to 'float'
d:\assignments uni year 3\cancer back\proceduralproject\proceduralproject\main.cpp(450): warning C4305: 'argument': truncation from 'double' to 'float'
d:\assignments uni year 3\cancer back\proceduralproject\proceduralproject\main.cpp(451): warning C4305: 'argument': truncation from 'double' to 'float'
d:\assignments uni year 3\cancer back\proceduralproject\proceduralproject\main.cpp(452): warning C4305: 'argument': truncation from 'double' to 'float'
d:\assignments uni year 3\cancer back\proceduralproject\proceduralproject\main.cpp(453): warning C4305: 'argument': truncation from 'double' to 'float'
d:\assignments uni year 3\cancer back\proceduralproject\proceduralproject\main.cpp(454): warning C4305: 'argument': truncation from 'double' to 'float'
d:\assignments uni year 3\cancer back\proceduralproject\proceduralproject\main.cpp(455): warning C4305: 'argument': truncation from 'double' to 'float'
d:\assignments uni year 3\cancer back\proceduralproject\proceduralproject\main.cpp(456): warning C4305: 'argument': truncation from 'double' to 'float'
d:\assignments uni year 3\cancer back\proceduralproject\proceduralproject\main.cpp(457): warning C4305: 'argument': truncation from 'double' to 'float'
d:\assignments uni year 3\cancer back\proceduralproject\proceduralproject\main.cpp(458): warning C4305: 'argument': truncation from 'double' to 'float'
d:\assignments uni year 3\cancer back\proceduralproject\proceduralproject\main.cpp(459): warning C4305: 'argument': truncation from 'double' to 'float'
d:\assignments uni year 3\cancer back\proceduralproject\proceduralproject\main.cpp(460): warning C4305: 'argument': truncation from 'double' to 'float'
d:\assignments uni year 3\cancer back\proceduralproject\proceduralproject\main.cpp(461): warning C4305: 'argument': truncation from 'double' to 'float'
d:\assignments uni year 3\cancer back\proceduralproject\proceduralproject\main.cpp(462): warning C4305: 'argument': truncation from 'double' to 'float'
d:\assignments uni year 3\cancer back\proceduralproject\proceduralproject\main.cpp(463): warning C4305: 'argument': truncation from 'double' to 'float'
d:\assignments uni year 3\cancer back\proceduralproject\proceduralproject\main.cpp(464): warning C4305: 'argument': truncation from 'double' to 'float'
d:\assignments uni year 3\cancer back\proceduralproject\proceduralproject\main.cpp(465): warning C4305: 'argument': truncation from 'double' to 'float'
d:\assignments uni year 3\cancer back\proceduralproject\proceduralproject\main.cpp(466): warning C4305: 'argument': truncation from 'double' to 'float'
d:\assignments uni year 3\cancer back\proceduralproject\proceduralproject\main.cpp(467): warning C4305: 'argument': truncation from 'double' to 'float'
d:\assignments uni year 3\cancer back\proceduralproject\proceduralproject\main.cpp(468): warning C4305: 'argument': truncation from 'double' to 'float'
d:\assignments uni year 3\cancer back\proceduralproject\proceduralproject\main.cpp(469): warning C4305: 'argument': truncation from 'double' to 'float'
d:\assignments uni year 3\cancer back\proceduralproject\proceduralproject\main.cpp(470): warning C4305: 'argument': truncation from 'double' to 'float'
d:\assignments uni year 3\cancer back\proceduralproject\proceduralproject\main.cpp(471): warning C4305: 'argument': truncation from 'double' to 'float'
d:\assignments uni year 3\cancer back\proceduralproject\proceduralproject\main.cpp(472): warning C4305: 'argument': truncation from 'double' to 'float'
d:\assignments uni year 3\cancer back\proceduralproject\proceduralproject\main.cpp(473): warning C4305: 'argument': truncation from 'double' to 'float'
d:\assignments uni year 3\cancer back\proceduralproject\proceduralproject\main.cpp(474): warning C4305: 'argument': truncation from 'double' to 'float'
d:\assignments uni year 3\cancer back\proceduralproject\proceduralproject\main.cpp(475): warning C4305: 'argument': truncation from 'double' to 'float'
d:\assignments uni year 3\cancer back\proceduralproject\proceduralproject\main.cpp(476): warning C4305: 'argument': truncation from 'double' to 'float'
d:\assignments uni year 3\cancer back\proceduralproject\proceduralproject\main.cpp(477): warning C4305: 'argument': truncation from 'double' to 'float'
d:\assignments uni year 3\cancer back\proceduralproject\proceduralproject\main.cpp(478): warning C4305: 'argument': truncation from 'double' to 'float'
d:\assignments uni year 3\cancer back\proceduralproject\proceduralproject\main.cpp(479): warning C4305: 'argument': truncation from 'double' to 'float'
d:\assignments uni year 3\cancer back\proceduralproject\proceduralproject\main.cpp(480): warning C4305: 'argument': truncation from 'double' to 'float'
d:\assignments uni year 3\cancer back\proceduralproject\proceduralproject\main.cpp(481): warning C4305: 'argument': truncation from 'double' to 'float'
d:\assignments uni year 3\cancer back\proceduralproject\proceduralproject\main.cpp(482): warning C4305: 'argument': truncation from 'double' to 'float'
d:\assignments uni year 3\cancer back\proceduralproject\proceduralproject\main.cpp(483): warning C4305: 'argument': truncation from 'double' to 'float'
d:\assignments uni year 3\cancer back\proceduralproject\proceduralproject\main.cpp(484): warning C4305: 'argument': truncation from 'double' to 'float'
d:\assignments uni year 3\cancer back\proceduralproject\proceduralproject\main.cpp(485): warning C4305: 'argument': truncation from 'double' to 'float'
d:\assignments uni year 3\cancer back\proceduralproject\proceduralproject\main.cpp(486): warning C4305: 'argument': truncation from 'double' to 'float'
d:\assignments uni year 3\cancer back\proceduralproject\proceduralproject\main.cpp(487): warning C4305: 'argument': truncation from 'double' to 'float'
d:\assignments uni year 3\cancer back\proceduralproject\proceduralproject\main.cpp(488): warning C4305: 'argument': truncation from 'double' to 'float'
d:\assignments uni year 3\cancer back\proceduralproject\proceduralproject\main.cpp(489): warning C4305: 'argument': truncation from 'double' to 'float'
d:\assignments uni year 3\cancer back\proceduralproject\proceduralproject\main.cpp(490): warning C4305: 'argument': truncation from 'double' to 'float'
d:\assignments uni year 3\cancer back\proceduralproject\proceduralproject\main.cpp(491): warning C4305: 'argument': truncation from 'double' to 'float'
d:\assignments uni year 3\cancer back\proceduralproject\proceduralproject\main.cpp(492): warning C4305: 'argument': truncation from 'double' to 'float'
d:\assignments uni year 3\cancer back\proceduralproject\proceduralproject\main.cpp(493): warning C4305: 'argument': truncation from 'double' to 'float'
d:\assignments uni year 3\cancer back\proceduralproject\proceduralproject\main.cpp(494): warning C4305: 'argument': truncation from 'double' to 'float'
d:\assignments uni year 3\cancer back\proceduralproject\proceduralproject\main.cpp(495): warning C4305: 'argument': truncation from 'double' to 'float'
d:\assignments uni year 3\cancer back\proceduralproject\proceduralproject\main.cpp(496): warning C4305: 'argument': truncation from 'double' to 'float'
d:\assignments uni year 3\cancer back\proceduralproject\proceduralproject\main.cpp(497): warning C4305: 'argument': truncation from 'double' to 'float'
d:\assignments uni year 3\cancer back\proceduralproject\proceduralproject\main.cpp(498): warning C4305: 'argument': truncation from 'double' to 'float'
d:\assignments uni year 3\cancer back\proceduralproject\proceduralproject\main.cpp(499): warning C4305: 'argument': truncation from 'double' to 'float'
d:\assignments uni year 3\cancer back\proceduralproject\proceduralproject\main.cpp(500): warning C4305: 'argument': truncation from 'double' to 'float'
d:\assignments uni year 3\cancer back\proceduralproject\proceduralproject\main.cpp(645): warning C4244: '+=': conversion from 'double' to 'float', possible loss of data
d:\assignments uni year 3\cancer back\proceduralproject\proceduralproject\main.cpp(685): warning C4244: 'argument': conversion from 'int' to 'FLOAT', possible loss of data
d:\assignments uni year 3\cancer back\proceduralproject\proceduralproject\main.cpp(694): warning C4244: 'argument': conversion from 'int' to 'FLOAT', possible loss of data
d:\assignments uni year 3\cancer back\proceduralproject\proceduralproject\main.cpp(703): warning C4244: 'argument': conversion from 'int' to 'FLOAT', possible loss of data
d:\assignments uni year 3\cancer back\proceduralproject\proceduralproject\main.cpp(712): warning C4244: 'argument': conversion from 'int' to 'FLOAT', possible loss of data
d:\assignments uni year 3\cancer back\proceduralproject\proceduralproject\main.cpp(721): warning C4244: 'argument': conversion from 'int' to 'FLOAT', possible loss of data
d:\assignments uni year 3\cancer back\proceduralproject\proceduralproject\main.cpp(730): warning C4244: 'argument': conversion from 'int' to 'FLOAT', possible loss of data
d:\assignments uni year 3\cancer back\proceduralproject\proceduralproject\main.cpp(827): warning C4244: '=': conversion from 'float' to '__int64', possible loss of data
d:\assignments uni year 3\cancer back\proceduralproject\proceduralproject\main.cpp(933): warning C4244: 'initializing': conversion from 'double' to 'float', possible loss of data
d:\assignments uni year 3\cancer back\proceduralproject\proceduralproject\main.cpp(937): warning C4244: '-=': conversion from 'double' to 'float', possible loss of data
d:\assignments uni year 3\cancer back\proceduralproject\proceduralproject\main.cpp(941): warning C4244: '+=': conversion from 'double' to 'float', possible loss of data
d:\assignments uni year 3\cancer back\proceduralproject\proceduralproject\main.cpp(945): warning C4244: '+=': conversion from 'double' to 'float', possible loss of data
d:\assignments uni year 3\cancer back\proceduralproject\proceduralproject\main.cpp(949): warning C4244: '-=': conversion from 'double' to 'float', possible loss of data
d:\assignments uni year 3\cancer back\proceduralproject\proceduralproject\main.cpp(989): warning C4305: '-=': truncation from 'double' to 'float'
d:\assignments uni year 3\cancer back\proceduralproject\proceduralproject\main.cpp(993): warning C4244: '=': conversion from 'double' to 'float', possible loss of data
d:\assignments uni year 3\cancer back\proceduralproject\proceduralproject\main.cpp(997): warning C4305: '-=': truncation from 'double' to 'float'
d:\assignments uni year 3\cancer back\proceduralproject\proceduralproject\main.cpp(1001): warning C4244: '=': conversion from 'double' to 'float', possible loss of data
d:\assignments uni year 3\cancer back\proceduralproject\proceduralproject\main.cpp(1118): warning C4715: 'MessageProc': not all control paths return a value
  ProceduralProject.vcxproj -> D:\Assignments Uni Year 3\cancer back\ProceduralProject\Debug\ProceduralProject.exe
